<?xml version="1.0" encoding="UTF-8"?>
<testsuite xmlns:xsi="http://www.w3.org/2001/XMLSchema-instance" xsi:noNamespaceSchemaLocation="https://maven.apache.org/surefire/maven-surefire-plugin/xsd/surefire-test-report.xsd" name="com.diving_fish.wordLadder.controller.WordLadderControllerTest" time="2.659" tests="2" errors="0" skipped="0" failures="0">
  <properties>
[...]
</properties>
  <testcase name="testGetWordLadder" classname="com.diving_fish.wordLadder.controller.WordLadderControllerTest" time="0.361"/>
  <testcase name="testSearch" classname="com.diving_fish.wordLadder.controller.WordLadderControllerTest" time="0.09"/>
</testsuite>